[debug] [2019-06-12T02:28:19.884Z] ----------------------------------------------------------------------
[debug] [2019-06-12T02:28:19.888Z] Command:       C:\Program Files\nodejs\node.exe C:\Users\efournier\AppData\Roaming\npm\node_modules\firebase-tools\lib\bin\firebase.js init
[debug] [2019-06-12T02:28:19.888Z] CLI Version:   6.11.0
[debug] [2019-06-12T02:28:19.888Z] Platform:      win32
[debug] [2019-06-12T02:28:19.888Z] Node Version:  v8.11.3
[debug] [2019-06-12T02:28:19.889Z] Time:          Tue Jun 11 2019 22:28:19 GMT-0400 (Eastern Daylight Time)
[debug] [2019-06-12T02:28:19.889Z] ----------------------------------------------------------------------
[debug] 
[debug] [2019-06-12T02:28:19.898Z] > command requires scopes: ["email","openid","https://www.googleapis.com/auth/cloudplatformprojects.readonly","https://www.googleapis.com/auth/firebase","https://www.googleapis.com/auth/cloud-platform"]
[debug] [2019-06-12T02:28:19.899Z] > authorizing via signed-in user
[info] 
     ######## #### ########  ######## ########     ###     ######  ########
     ##        ##  ##     ## ##       ##     ##  ##   ##  ##       ##
     ######    ##  ########  ######   ########  #########  ######  ######
     ##        ##  ##    ##  ##       ##     ## ##     ##       ## ##
     ##       #### ##     ## ######## ########  ##     ##  ######  ########

You're about to initialize a Firebase project in this directory:

  C:\Users\efournier\CodeSpace\PhotoGram

[info] 
=== Project Setup
[info] 
[info] First, let's associate this project directory with a Firebase project.
[info] You can create multiple project aliases by running firebase use --add, 
[info] but for now we'll just set up a default project.
[info] 
[debug] [2019-06-12T02:28:39.989Z] >>> HTTP REQUEST GET https://firebase.googleapis.com/v1beta1/projects?page_size=100  
 
[debug] [2019-06-12T02:28:40.445Z] <<< HTTP RESPONSE 200
[info] i  Using project photogram-76cdb (photogram)
[info] 
=== Database Setup
[info] 
[info] Firebase Realtime Database Rules allow you to define how your data should be
[info] structured and when your data can be read from and written to.
[info] 
[debug] [2019-06-12T02:28:53.236Z] >>> HTTP REQUEST GET https://photogram-76cdb.firebaseio.com/.settings/rules.json  
 
[debug] [2019-06-12T02:28:53.550Z] <<< HTTP RESPONSE 200
[info] +  Database Rules for photogram-76cdb have been downloaded to database.rules.json.
[info] Future modifications to database.rules.json will update Database Rules when you run
[info] firebase deploy.
[info] 
=== Hosting Setup
[info] 
[info] Your public directory is the folder (relative to your project directory) that
[info] will contain Hosting assets to be uploaded with firebase deploy. If you
[info] have a build process for your assets, use your build's output directory.
[info] 
